#! /usr/bin/vvp
:ivl_version "10.3 (stable)";
:ivl_delay_selection "TYPICAL";
:vpi_time_precision - 3;
:vpi_module "system";
:vpi_module "vhdl_sys";
:vpi_module "v2005_math";
:vpi_module "va_math";
S_0x55ce1f171010 .scope module, "alu_tb" "alu_tb" 2 4;
 .timescale 0 -3;
P_0x55ce1f16eb40 .param/l "N" 1 2 7, +C4<00000000000000000000000000010000>;
v0x55ce1f187930_0 .var "alu_in_a", 15 0;
v0x55ce1f187a10_0 .var "alu_in_b", 15 0;
v0x55ce1f187ae0_0 .var "alu_op", 1 0;
v0x55ce1f187be0_0 .var "alu_operar", 0 0;
v0x55ce1f187cb0_0 .net "alu_out", 15 0, v0x55ce1f187580_0;  1 drivers
v0x55ce1f187d50_0 .net "alu_z", 0 0, v0x55ce1f187720_0;  1 drivers
S_0x55ce1f1711e0 .scope module, "ALU_1" "alu" 2 17, 3 14 0, S_0x55ce1f171010;
 .timescale 0 0;
    .port_info 0 /INPUT 16 "in_a"
    .port_info 1 /INPUT 16 "in_b"
    .port_info 2 /INPUT 2 "op"
    .port_info 3 /INPUT 1 "operar"
    .port_info 4 /OUTPUT 16 "out"
    .port_info 5 /OUTPUT 1 "z"
    .port_info 6 /OUTPUT 1 "n"
    .port_info 7 /OUTPUT 1 "v"
P_0x55ce1f1493c0 .param/l "N" 0 3 14, +C4<00000000000000000000000000010000>;
P_0x55ce1f149400 .param/l "N_OP" 0 3 14, +C4<00000000000000000000000000000010>;
v0x55ce1f1382e0_0 .net "in_a", 15 0, v0x55ce1f187930_0;  1 drivers
v0x55ce1f1871e0_0 .net "in_b", 15 0, v0x55ce1f187a10_0;  1 drivers
v0x55ce1f1872c0_0 .var "n", 0 0;
v0x55ce1f187390_0 .net "op", 1 0, v0x55ce1f187ae0_0;  1 drivers
v0x55ce1f187470_0 .net "operar", 0 0, v0x55ce1f187be0_0;  1 drivers
v0x55ce1f187580_0 .var "out", 15 0;
v0x55ce1f187660_0 .var "v", 0 0;
v0x55ce1f187720_0 .var "z", 0 0;
E_0x55ce1f16df90/0 .event edge, v0x55ce1f187470_0, v0x55ce1f187390_0, v0x55ce1f1382e0_0, v0x55ce1f1871e0_0;
E_0x55ce1f16df90/1 .event edge, v0x55ce1f187580_0;
E_0x55ce1f16df90 .event/or E_0x55ce1f16df90/0, E_0x55ce1f16df90/1;
    .scope S_0x55ce1f1711e0;
T_0 ;
    %wait E_0x55ce1f16df90;
    %load/vec4 v0x55ce1f187470_0;
    %flag_set/vec4 8;
    %jmp/0xz  T_0.0, 8;
    %load/vec4 v0x55ce1f187390_0;
    %dup/vec4;
    %pushi/vec4 0, 0, 2;
    %cmp/u;
    %jmp/1 T_0.2, 6;
    %dup/vec4;
    %pushi/vec4 1, 0, 2;
    %cmp/u;
    %jmp/1 T_0.3, 6;
    %dup/vec4;
    %pushi/vec4 2, 0, 2;
    %cmp/u;
    %jmp/1 T_0.4, 6;
    %dup/vec4;
    %pushi/vec4 3, 0, 2;
    %cmp/u;
    %jmp/1 T_0.5, 6;
    %pushi/vec4 0, 0, 16;
    %store/vec4 v0x55ce1f187580_0, 0, 16;
    %jmp T_0.7;
T_0.2 ;
    %load/vec4 v0x55ce1f1382e0_0;
    %load/vec4 v0x55ce1f1871e0_0;
    %add;
    %store/vec4 v0x55ce1f187580_0, 0, 16;
    %jmp T_0.7;
T_0.3 ;
    %load/vec4 v0x55ce1f1382e0_0;
    %load/vec4 v0x55ce1f1871e0_0;
    %sub;
    %store/vec4 v0x55ce1f187580_0, 0, 16;
    %jmp T_0.7;
T_0.4 ;
    %load/vec4 v0x55ce1f1382e0_0;
    %parti/s 1, 15, 5;
    %flag_set/vec4 8;
    %jmp/0 T_0.8, 8;
    %load/vec4 v0x55ce1f1382e0_0;
    %pad/u 32;
    %ix/load 4, 1, 0;
    %flag_set/imm 4, 0;
    %shiftr 4;
    %pushi/vec4 32768, 0, 32;
    %or;
    %jmp/1 T_0.9, 8;
T_0.8 ; End of true expr.
    %load/vec4 v0x55ce1f1382e0_0;
    %pad/u 32;
    %ix/load 4, 1, 0;
    %flag_set/imm 4, 0;
    %shiftr 4;
    %jmp/0 T_0.9, 8;
 ; End of false expr.
    %blend;
T_0.9;
    %pad/u 16;
    %store/vec4 v0x55ce1f187580_0, 0, 16;
    %jmp T_0.7;
T_0.5 ;
    %load/vec4 v0x55ce1f1382e0_0;
    %load/vec4 v0x55ce1f1871e0_0;
    %and;
    %store/vec4 v0x55ce1f187580_0, 0, 16;
    %jmp T_0.7;
T_0.7 ;
    %pop/vec4 1;
    %jmp T_0.1;
T_0.0 ;
    %load/vec4 v0x55ce1f1871e0_0;
    %store/vec4 v0x55ce1f187580_0, 0, 16;
T_0.1 ;
    %load/vec4 v0x55ce1f187580_0;
    %pad/u 32;
    %cmpi/e 0, 0, 32;
    %flag_mov 8, 4;
    %jmp/0 T_0.10, 8;
    %pushi/vec4 1, 0, 2;
    %jmp/1 T_0.11, 8;
T_0.10 ; End of true expr.
    %pushi/vec4 0, 0, 2;
    %jmp/0 T_0.11, 8;
 ; End of false expr.
    %blend;
T_0.11;
    %pad/s 1;
    %store/vec4 v0x55ce1f187720_0, 0, 1;
    %jmp T_0;
    .thread T_0, $push;
    .scope S_0x55ce1f171010;
T_1 ;
    %vpi_call 2 27 "$dumpfile", "alu_tb.vcd" {0 0 0};
    %vpi_call 2 28 "$dumpvars", 32'sb00000000000000000000000000000000, S_0x55ce1f171010 {0 0 0};
    %pushi/vec4 1, 0, 1;
    %store/vec4 v0x55ce1f187be0_0, 0, 1;
    %pushi/vec4 10, 0, 16;
    %store/vec4 v0x55ce1f187930_0, 0, 16;
    %pushi/vec4 5, 0, 16;
    %store/vec4 v0x55ce1f187a10_0, 0, 16;
    %pushi/vec4 0, 0, 2;
    %store/vec4 v0x55ce1f187ae0_0, 0, 2;
    %delay 1000, 0;
    %pushi/vec4 1, 0, 2;
    %store/vec4 v0x55ce1f187ae0_0, 0, 2;
    %delay 1000, 0;
    %pushi/vec4 2, 0, 2;
    %store/vec4 v0x55ce1f187ae0_0, 0, 2;
    %delay 1000, 0;
    %pushi/vec4 3, 0, 2;
    %store/vec4 v0x55ce1f187ae0_0, 0, 2;
    %delay 1000, 0;
    %pushi/vec4 65526, 0, 16;
    %store/vec4 v0x55ce1f187930_0, 0, 16;
    %pushi/vec4 5, 0, 16;
    %store/vec4 v0x55ce1f187a10_0, 0, 16;
    %pushi/vec4 0, 0, 2;
    %store/vec4 v0x55ce1f187ae0_0, 0, 2;
    %delay 1000, 0;
    %pushi/vec4 1, 0, 2;
    %store/vec4 v0x55ce1f187ae0_0, 0, 2;
    %delay 1000, 0;
    %pushi/vec4 2, 0, 2;
    %store/vec4 v0x55ce1f187ae0_0, 0, 2;
    %delay 1000, 0;
    %pushi/vec4 3, 0, 2;
    %store/vec4 v0x55ce1f187ae0_0, 0, 2;
    %delay 1000, 0;
    %pushi/vec4 0, 0, 1;
    %store/vec4 v0x55ce1f187be0_0, 0, 1;
    %delay 1000, 0;
    %pushi/vec4 0, 0, 2;
    %store/vec4 v0x55ce1f187ae0_0, 0, 2;
    %delay 1000, 0;
    %pushi/vec4 1, 0, 2;
    %store/vec4 v0x55ce1f187ae0_0, 0, 2;
    %delay 1000, 0;
    %pushi/vec4 2, 0, 2;
    %store/vec4 v0x55ce1f187ae0_0, 0, 2;
    %delay 2000, 0;
    %vpi_call 2 73 "$finish" {0 0 0};
    %end;
    .thread T_1;
# The file index is used to find the file name in the following table.
:file_names 4;
    "N/A";
    "<interactive>";
    "alu_tb.v";
    "./../alu.v";
