#! /usr/bin/vvp
:ivl_version "10.3 (stable)";
:ivl_delay_selection "TYPICAL";
:vpi_time_precision - 3;
:vpi_module "system";
:vpi_module "vhdl_sys";
:vpi_module "v2005_math";
:vpi_module "va_math";
S_0x5618eaadf120 .scope module, "mux2_tb" "mux2_tb" 2 4;
 .timescale 0 -3;
P_0x5618eaadf2a0 .param/l "N" 1 2 6, +C4<00000000000000000000000000001000>;
v0x5618eaaf06e0_0 .var "mux_in_a", 7 0;
v0x5618eaaf07c0_0 .var "mux_in_b", 7 0;
v0x5618eaaf0890_0 .net "mux_out", 7 0, L_0x5618eaaf0a60;  1 drivers
v0x5618eaaf0990_0 .var "mux_sel", 0 0;
S_0x5618eaaa9070 .scope module, "MUX2_1" "mux2" 2 12, 3 1 0, S_0x5618eaadf120;
 .timescale 0 0;
    .port_info 0 /INPUT 8 "in_a"
    .port_info 1 /INPUT 8 "in_b"
    .port_info 2 /INPUT 1 "sel"
    .port_info 3 /OUTPUT 8 "out"
P_0x5618eaaa9240 .param/l "N" 0 3 2, +C4<00000000000000000000000000001000>;
v0x5618eaaa9340_0 .net "in_a", 7 0, v0x5618eaaf06e0_0;  1 drivers
v0x5618eaaf03a0_0 .net "in_b", 7 0, v0x5618eaaf07c0_0;  1 drivers
v0x5618eaaf0480_0 .net "out", 7 0, L_0x5618eaaf0a60;  alias, 1 drivers
v0x5618eaaf0570_0 .net "sel", 0 0, v0x5618eaaf0990_0;  1 drivers
L_0x5618eaaf0a60 .functor MUXZ 8, v0x5618eaaf06e0_0, v0x5618eaaf07c0_0, v0x5618eaaf0990_0, C4<>;
    .scope S_0x5618eaadf120;
T_0 ;
    %vpi_call 2 20 "$dumpfile", "mux2_tb.vcd" {0 0 0};
    %vpi_call 2 21 "$dumpvars", 32'sb00000000000000000000000000000000, S_0x5618eaadf120 {0 0 0};
    %pushi/vec4 170, 0, 8;
    %store/vec4 v0x5618eaaf06e0_0, 0, 8;
    %pushi/vec4 0, 0, 8;
    %store/vec4 v0x5618eaaf07c0_0, 0, 8;
    %pushi/vec4 0, 0, 1;
    %store/vec4 v0x5618eaaf0990_0, 0, 1;
    %delay 1000, 0;
    %pushi/vec4 1, 0, 1;
    %store/vec4 v0x5618eaaf0990_0, 0, 1;
    %delay 1000, 0;
    %pushi/vec4 255, 0, 8;
    %store/vec4 v0x5618eaaf07c0_0, 0, 8;
    %delay 1000, 0;
    %pushi/vec4 0, 0, 1;
    %store/vec4 v0x5618eaaf0990_0, 0, 1;
    %delay 2000, 0;
    %vpi_call 2 38 "$finish" {0 0 0};
    %end;
    .thread T_0;
# The file index is used to find the file name in the following table.
:file_names 4;
    "N/A";
    "<interactive>";
    "mux2_tb.v";
    "./../mux2.v";
