#! /usr/bin/vvp
:ivl_version "10.3 (stable)";
:ivl_delay_selection "TYPICAL";
:vpi_time_precision - 3;
:vpi_module "system";
:vpi_module "vhdl_sys";
:vpi_module "v2005_math";
:vpi_module "va_math";
S_0x5637c6c03150 .scope module, "mux4_tb" "mux4_tb" 2 4;
 .timescale 0 -3;
P_0x5637c6c032d0 .param/l "N" 1 2 6, +C4<00000000000000000000000000001000>;
v0x5637c6c385e0_0 .var "mux_in_a", 7 0;
v0x5637c6c386c0_0 .var "mux_in_b", 7 0;
v0x5637c6c38790_0 .var "mux_in_c", 7 0;
v0x5637c6c38890_0 .var "mux_in_d", 7 0;
v0x5637c6c38960_0 .net "mux_out", 7 0, v0x5637c6c38310_0;  1 drivers
v0x5637c6c38a50_0 .var "mux_sel", 1 0;
S_0x5637c6c25270 .scope module, "MUX4_1" "mux4" 2 12, 3 1 0, S_0x5637c6c03150;
 .timescale 0 0;
    .port_info 0 /INPUT 8 "in_a"
    .port_info 1 /INPUT 8 "in_b"
    .port_info 2 /INPUT 8 "in_c"
    .port_info 3 /INPUT 8 "in_d"
    .port_info 4 /INPUT 2 "sel"
    .port_info 5 /OUTPUT 8 "out"
P_0x5637c6c25440 .param/l "N" 0 3 2, +C4<00000000000000000000000000001000>;
v0x5637c6c255b0_0 .net "in_a", 7 0, v0x5637c6c385e0_0;  1 drivers
v0x5637c6c38060_0 .net "in_b", 7 0, v0x5637c6c386c0_0;  1 drivers
v0x5637c6c38140_0 .net "in_c", 7 0, v0x5637c6c38790_0;  1 drivers
v0x5637c6c38230_0 .net "in_d", 7 0, v0x5637c6c38890_0;  1 drivers
v0x5637c6c38310_0 .var "out", 7 0;
v0x5637c6c38440_0 .net "sel", 1 0, v0x5637c6c38a50_0;  1 drivers
E_0x5637c6c239a0/0 .event edge, v0x5637c6c38440_0, v0x5637c6c255b0_0, v0x5637c6c38060_0, v0x5637c6c38140_0;
E_0x5637c6c239a0/1 .event edge, v0x5637c6c38230_0;
E_0x5637c6c239a0 .event/or E_0x5637c6c239a0/0, E_0x5637c6c239a0/1;
    .scope S_0x5637c6c25270;
T_0 ;
    %wait E_0x5637c6c239a0;
    %load/vec4 v0x5637c6c38440_0;
    %dup/vec4;
    %pushi/vec4 0, 0, 2;
    %cmp/u;
    %jmp/1 T_0.0, 6;
    %dup/vec4;
    %pushi/vec4 1, 0, 2;
    %cmp/u;
    %jmp/1 T_0.1, 6;
    %dup/vec4;
    %pushi/vec4 2, 0, 2;
    %cmp/u;
    %jmp/1 T_0.2, 6;
    %dup/vec4;
    %pushi/vec4 3, 0, 2;
    %cmp/u;
    %jmp/1 T_0.3, 6;
    %jmp T_0.4;
T_0.0 ;
    %load/vec4 v0x5637c6c255b0_0;
    %store/vec4 v0x5637c6c38310_0, 0, 8;
    %jmp T_0.4;
T_0.1 ;
    %load/vec4 v0x5637c6c38060_0;
    %store/vec4 v0x5637c6c38310_0, 0, 8;
    %jmp T_0.4;
T_0.2 ;
    %load/vec4 v0x5637c6c38140_0;
    %store/vec4 v0x5637c6c38310_0, 0, 8;
    %jmp T_0.4;
T_0.3 ;
    %load/vec4 v0x5637c6c38230_0;
    %store/vec4 v0x5637c6c38310_0, 0, 8;
    %jmp T_0.4;
T_0.4 ;
    %pop/vec4 1;
    %jmp T_0;
    .thread T_0, $push;
    .scope S_0x5637c6c03150;
T_1 ;
    %vpi_call 2 22 "$dumpfile", "mux4_tb.vcd" {0 0 0};
    %vpi_call 2 23 "$dumpvars", 32'sb00000000000000000000000000000000, S_0x5637c6c03150 {0 0 0};
    %pushi/vec4 170, 0, 8;
    %store/vec4 v0x5637c6c385e0_0, 0, 8;
    %pushi/vec4 0, 0, 8;
    %store/vec4 v0x5637c6c386c0_0, 0, 8;
    %pushi/vec4 160, 0, 8;
    %store/vec4 v0x5637c6c38790_0, 0, 8;
    %pushi/vec4 10, 0, 8;
    %store/vec4 v0x5637c6c38890_0, 0, 8;
    %pushi/vec4 0, 0, 2;
    %store/vec4 v0x5637c6c38a50_0, 0, 2;
    %delay 1000, 0;
    %pushi/vec4 1, 0, 2;
    %store/vec4 v0x5637c6c38a50_0, 0, 2;
    %delay 1000, 0;
    %pushi/vec4 2, 0, 2;
    %store/vec4 v0x5637c6c38a50_0, 0, 2;
    %delay 1000, 0;
    %pushi/vec4 3, 0, 2;
    %store/vec4 v0x5637c6c38a50_0, 0, 2;
    %delay 2000, 0;
    %vpi_call 2 42 "$finish" {0 0 0};
    %end;
    .thread T_1;
# The file index is used to find the file name in the following table.
:file_names 4;
    "N/A";
    "<interactive>";
    "mux4_tb.v";
    "./../mux4.v";
