#! /usr/bin/vvp
:ivl_version "10.3 (stable)";
:ivl_delay_selection "TYPICAL";
:vpi_time_precision - 3;
:vpi_module "system";
:vpi_module "vhdl_sys";
:vpi_module "v2005_math";
:vpi_module "va_math";
S_0x564141304740 .scope module, "register_tb" "register_tb" 2 4;
 .timescale 0 -3;
P_0x5641413048c0 .param/l "N" 1 2 6, +C4<00000000000000000000000000001000>;
v0x5641413166c0_0 .var "clk", 0 0;
v0x564141316780_0 .var "reg_in", 7 0;
v0x564141316850_0 .var "reg_ld", 0 0;
v0x564141316950_0 .net "reg_out", 7 0, v0x564141316530_0;  1 drivers
S_0x5641412ce070 .scope module, "REG8_1" "register" 2 12, 3 1 0, S_0x564141304740;
 .timescale 0 0;
    .port_info 0 /INPUT 8 "in"
    .port_info 1 /INPUT 1 "ld"
    .port_info 2 /INPUT 1 "clk"
    .port_info 3 /OUTPUT 8 "out"
P_0x5641412ce240 .param/l "N" 0 3 2, +C4<00000000000000000000000000001000>;
v0x5641412ce360_0 .net "clk", 0 0, v0x5641413166c0_0;  1 drivers
v0x564141316380_0 .net "in", 7 0, v0x564141316780_0;  1 drivers
v0x564141316460_0 .net "ld", 0 0, v0x564141316850_0;  1 drivers
v0x564141316530_0 .var "out", 7 0;
E_0x564141303730 .event posedge, v0x5641412ce360_0;
    .scope S_0x5641412ce070;
T_0 ;
    %wait E_0x564141303730;
    %load/vec4 v0x564141316460_0;
    %flag_set/vec4 8;
    %jmp/0xz  T_0.0, 8;
    %load/vec4 v0x564141316380_0;
    %assign/vec4 v0x564141316530_0, 0;
T_0.0 ;
    %jmp T_0;
    .thread T_0;
    .scope S_0x564141304740;
T_1 ;
    %pushi/vec4 0, 0, 1;
    %store/vec4 v0x5641413166c0_0, 0, 1;
    %pushi/vec4 0, 0, 1;
    %store/vec4 v0x564141316850_0, 0, 1;
    %end;
    .thread T_1;
    .scope S_0x564141304740;
T_2 ;
    %delay 500, 0;
    %load/vec4 v0x5641413166c0_0;
    %inv;
    %store/vec4 v0x5641413166c0_0, 0, 1;
    %jmp T_2;
    .thread T_2;
    .scope S_0x564141304740;
T_3 ;
    %vpi_call 2 22 "$dumpfile", "register_tb.vcd" {0 0 0};
    %vpi_call 2 23 "$dumpvars", 32'sb00000000000000000000000000000000, S_0x564141304740 {0 0 0};
    %pushi/vec4 170, 0, 8;
    %store/vec4 v0x564141316780_0, 0, 8;
    %delay 2000, 0;
    %pushi/vec4 1, 0, 1;
    %store/vec4 v0x564141316850_0, 0, 1;
    %delay 3000, 0;
    %pushi/vec4 0, 0, 8;
    %store/vec4 v0x564141316780_0, 0, 8;
    %pushi/vec4 0, 0, 1;
    %store/vec4 v0x564141316850_0, 0, 1;
    %delay 4000, 0;
    %pushi/vec4 1, 0, 1;
    %store/vec4 v0x564141316850_0, 0, 1;
    %delay 10000, 0;
    %vpi_call 2 38 "$finish" {0 0 0};
    %end;
    .thread T_3;
# The file index is used to find the file name in the following table.
:file_names 4;
    "N/A";
    "<interactive>";
    "register_tb.v";
    "./../register.v";
