#! /usr/bin/vvp
:ivl_version "10.3 (stable)";
:ivl_delay_selection "TYPICAL";
:vpi_time_precision - 3;
:vpi_module "system";
:vpi_module "vhdl_sys";
:vpi_module "v2005_math";
:vpi_module "va_math";
S_0x5644be6d1070 .scope module, "rom_tb" "rom_tb" 2 4;
 .timescale 0 -3;
P_0x5644be6d11f0 .param/l "AW" 1 2 6, +C4<00000000000000000000000000000101>;
P_0x5644be6d1230 .param/l "DW" 1 2 6, +C4<00000000000000000000000000001000>;
P_0x5644be6d1270 .param/str "ROM_FILE" 1 2 6, "../mem_files/rom_test.mem";
v0x5644be71bbe0_0 .var "clk", 0 0;
v0x5644be71bcb0_0 .var/i "i", 31 0;
v0x5644be71bd70_0 .var "rom_addr", 4 0;
v0x5644be71be70_0 .net "rom_out", 7 0, v0x5644be71ba80_0;  1 drivers
S_0x5644be708070 .scope module, "ROM_1" "rom" 2 13, 3 4 0, S_0x5644be6d1070;
 .timescale 0 0;
    .port_info 0 /INPUT 1 "clk"
    .port_info 1 /INPUT 5 "addr"
    .port_info 2 /OUTPUT 8 "data_out"
P_0x5644be6e5070 .param/l "AW" 0 3 4, +C4<00000000000000000000000000000101>;
P_0x5644be6e50b0 .param/l "DW" 0 3 5, +C4<00000000000000000000000000001000>;
P_0x5644be6e50f0 .param/l "NPOS" 1 3 12, +C4<00000000000000000000000000100000>;
P_0x5644be6e5130 .param/str "ROM_FILE" 0 3 6, "../mem_files/rom_test.mem";
v0x5644be6e6330_0 .net "addr", 4 0, v0x5644be71bd70_0;  1 drivers
v0x5644be71b920_0 .net "clk", 0 0, v0x5644be71bbe0_0;  1 drivers
v0x5644be71b9e0 .array "data", 31 0, 7 0;
v0x5644be71ba80_0 .var "data_out", 7 0;
E_0x5644be6d07e0 .event posedge, v0x5644be71b920_0;
    .scope S_0x5644be708070;
T_0 ;
    %wait E_0x5644be6d07e0;
    %load/vec4 v0x5644be6e6330_0;
    %pad/u 7;
    %ix/vec4 4;
    %load/vec4a v0x5644be71b9e0, 4;
    %assign/vec4 v0x5644be71ba80_0, 0;
    %jmp T_0;
    .thread T_0;
    .scope S_0x5644be708070;
T_1 ;
    %vpi_call 3 22 "$readmemh", P_0x5644be6e5130, v0x5644be71b9e0 {0 0 0};
    %end;
    .thread T_1;
    .scope S_0x5644be6d1070;
T_2 ;
    %pushi/vec4 0, 0, 1;
    %store/vec4 v0x5644be71bbe0_0, 0, 1;
    %end;
    .thread T_2;
    .scope S_0x5644be6d1070;
T_3 ;
    %delay 500, 0;
    %load/vec4 v0x5644be71bbe0_0;
    %inv;
    %store/vec4 v0x5644be71bbe0_0, 0, 1;
    %jmp T_3;
    .thread T_3;
    .scope S_0x5644be6d1070;
T_4 ;
    %vpi_call 2 24 "$dumpfile", "rom_tb.vcd" {0 0 0};
    %vpi_call 2 25 "$dumpvars", 32'sb00000000000000000000000000000000, S_0x5644be6d1070 {0 0 0};
    %pushi/vec4 0, 0, 32;
    %store/vec4 v0x5644be71bcb0_0, 0, 32;
T_4.0 ;
    %load/vec4 v0x5644be71bcb0_0;
    %cmpi/s 32, 0, 32;
    %jmp/0xz T_4.1, 5;
    %load/vec4 v0x5644be71bcb0_0;
    %pad/s 5;
    %store/vec4 v0x5644be71bd70_0, 0, 5;
    %delay 1000, 0;
    %load/vec4 v0x5644be71bcb0_0;
    %addi 1, 0, 32;
    %store/vec4 v0x5644be71bcb0_0, 0, 32;
    %jmp T_4.0;
T_4.1 ;
    %vpi_call 2 32 "$finish" {0 0 0};
    %end;
    .thread T_4;
# The file index is used to find the file name in the following table.
:file_names 4;
    "N/A";
    "<interactive>";
    "rom_tb.v";
    "./../rom.v";
