#! /usr/bin/vvp
:ivl_version "10.3 (stable)";
:ivl_delay_selection "TYPICAL";
:vpi_time_precision - 3;
:vpi_module "system";
:vpi_module "vhdl_sys";
:vpi_module "v2005_math";
:vpi_module "va_math";
S_0x55bf2ff232c0 .scope module, "sign_extender_tb" "sign_extender_tb" 2 4;
 .timescale 0 -3;
P_0x55bf2fefe4a0 .param/l "WIN" 1 2 6, +C4<00000000000000000000000000001000>;
P_0x55bf2fefe4e0 .param/l "WOUT" 1 2 6, +C4<00000000000000000000000000010000>;
v0x55bf2ff341a0_0 .var "ext_in", 7 0;
v0x55bf2ff34290_0 .net "ext_out", 15 0, L_0x55bf2ff345c0;  1 drivers
S_0x55bf2feed070 .scope module, "EXT" "sign_extender" 2 11, 3 10 0, S_0x55bf2ff232c0;
 .timescale 0 0;
    .port_info 0 /INPUT 8 "in"
    .port_info 1 /OUTPUT 16 "out"
P_0x55bf2feed1f0 .param/l "EXT_B" 1 3 19, +C4<000000000000000000000000000001000>;
P_0x55bf2feed230 .param/l "WIN" 0 3 12, +C4<00000000000000000000000000001000>;
P_0x55bf2feed270 .param/l "WOUT" 0 3 13, +C4<00000000000000000000000000010000>;
v0x55bf2ff23510_0 .net *"_s1", 0 0, L_0x55bf2ff34360;  1 drivers
v0x55bf2ff33e90_0 .net *"_s2", 7 0, L_0x55bf2ff34480;  1 drivers
v0x55bf2ff33f70_0 .net "in", 7 0, v0x55bf2ff341a0_0;  1 drivers
v0x55bf2ff34060_0 .net "out", 15 0, L_0x55bf2ff345c0;  alias, 1 drivers
L_0x55bf2ff34360 .part v0x55bf2ff341a0_0, 7, 1;
LS_0x55bf2ff34480_0_0 .concat [ 1 1 1 1], L_0x55bf2ff34360, L_0x55bf2ff34360, L_0x55bf2ff34360, L_0x55bf2ff34360;
LS_0x55bf2ff34480_0_4 .concat [ 1 1 1 1], L_0x55bf2ff34360, L_0x55bf2ff34360, L_0x55bf2ff34360, L_0x55bf2ff34360;
L_0x55bf2ff34480 .concat [ 4 4 0 0], LS_0x55bf2ff34480_0_0, LS_0x55bf2ff34480_0_4;
L_0x55bf2ff345c0 .concat [ 8 8 0 0], v0x55bf2ff341a0_0, L_0x55bf2ff34480;
    .scope S_0x55bf2ff232c0;
T_0 ;
    %vpi_call 2 17 "$dumpfile", "sign_extender_tb.vcd" {0 0 0};
    %vpi_call 2 18 "$dumpvars", 32'sb00000000000000000000000000000000, S_0x55bf2ff232c0 {0 0 0};
    %pushi/vec4 5, 0, 8;
    %store/vec4 v0x55bf2ff341a0_0, 0, 8;
    %delay 1000, 0;
    %pushi/vec4 251, 0, 8;
    %store/vec4 v0x55bf2ff341a0_0, 0, 8;
    %delay 1000, 0;
    %vpi_call 2 26 "$finish" {0 0 0};
    %end;
    .thread T_0;
# The file index is used to find the file name in the following table.
:file_names 4;
    "N/A";
    "<interactive>";
    "sign_extender_tb.v";
    "./../sign_extender.v";
